#
# A fatal error has been detected by the Java Runtime Environment:
#
#  SIGSEGV (0xb) at pc=0xb5569de7, pid=5604, tid=3077490368
#
# JRE version: 6.0_23-b23
# Java VM: OpenJDK Client VM (20.0-b11 mixed mode, sharing linux-x86 )
# Derivative: IcedTea6 1.11pre
# Distribution: Ubuntu 11.10, package 6b23~pre11-0ubuntu1.11.10.2
# Problematic frame:
# J  org.eclipse.ui.XMLMemento$DOMWriter.appendEscapedChar(Ljava/lang/StringBuffer;C)V
#
# If you would like to submit a bug report, please include
# instructions how to reproduce the bug and visit:
#   https://bugs.launchpad.net/ubuntu/+source/openjdk-6/
#

---------------  T H R E A D  ---------------

Current thread (0x09c46800):  JavaThread "main" [_thread_in_Java, id=5604, stack(0xbf908000,0xbf958000)]

siginfo:si_signo=SIGSEGV: si_errno=0, si_code=128 (), si_addr=0x00000000

Registers:
EAX=0xbf954edc, EBX=0x00000002, ECX=0x0000006c, EDX=0x0000006c
ESP=0xbf954ec0, EBP=0xbf954f70, ESI=0x6c05d2e0, EDI=0x00000002
EIP=0xb5569de7, EFLAGS=0x00010286, CR2=0xb7705100

Top of Stack: (sp=0xbf954ec0)
0xbf954ec0:   85dccbba bf954eec 85dcd160 00000000
0xbf954ed0:   0000006c 6c05d2e0 bf954ef0 09c46805
0xbf954ee0:   6c05d2e0 00000000 bf954f70 b55695d4
0xbf954ef0:   8461af58 00000000 84618b00 00000000
0xbf954f00:   bf954f0c bf954f30 b50e504d 94a031f8
0xbf954f10:   bf954f10 8462c0a9 6c05d2e0 94a031f8
0xbf954f20:   00000002 8462c198 00000000 bf954f48
0xbf954f30:   bf954f70 b50e5463 bf954f70 b50e4f87 

Instructions: (pc=0xb5569de7)
0xb5569dc7:   68 01 f8 ba fe 06 90 05 68 89 84 24 00 d0 ff ff
0xb5569dd7:   55 83 ec 28 89 4c 24 14 8b ca 89 54 24 10 90 90
0xb5569de7:   e8 b6 06 00 00 83 f8 00 0f 85 2f 01 00 00 8b 54
0xb5569df7:   24 10 83 fa 09 0f 84 1b 00 00 00 83 fa 0a 0f 84 

Register to memory mapping:

EAX=0xbf954edc is pointing into the stack for thread: 0x09c46800
EBX=0x00000002 is an unknown value
ECX=0x0000006c is an unknown value
EDX=0x0000006c is an unknown value
ESP=0xbf954ec0 is pointing into the stack for thread: 0x09c46800
EBP=0xbf954f70 is pointing into the stack for thread: 0x09c46800
ESI=